# JRE version: OpenJDK Runtime Environment (8.0_152-b01) (build 1.8.0_152-release-1343-b01)
# Java VM: OpenJDK 64-Bit Server VM (25.152-b01 mixed mode windows-amd64 compressed oops)
Heap:
 PSYoungGen      total 160768K, used 9994K [0x00000000e0000000, 0x00000000ee180000, 0x0000000100000000)
  eden space 147456K, 0% used [0x00000000e0000000,0x00000000e0000000,0x00000000e9000000)
  from space 13312K, 75% used [0x00000000e9d00000,0x00000000ea6c29c0,0x00000000eaa00000)
  to   space 13312K, 0% used [0x00000000e9000000,0x00000000e9000000,0x00000000e9d00000)
 ParOldGen       total 107008K, used 10205K [0x00000000a0000000, 0x00000000a6880000, 0x00000000e0000000)
  object space 107008K, 9% used [0x00000000a0000000,0x00000000a09f75b8,0x00000000a6880000)
 Metaspace       used 34390K, capacity 35286K, committed 35416K, reserved 1079296K
  class space    used 4836K, capacity 5148K, committed 5208K, reserved 1048576K
GC Heap History (10 events):
Event: 3.985 GC heap after
Heap after GC invocations=3 (full 0):
 PSYoungGen      total 76288K, used 8865K [0x00000000e0000000, 0x00000000e9500000, 0x0000000100000000)
  eden space 65536K, 0% used [0x00000000e0000000,0x00000000e0000000,0x00000000e4000000)
  from space 10752K, 82% used [0x00000000e4000000,0x00000000e48a8608,0x00000000e4a80000)
  to   space 10752K, 0% used [0x00000000e8a80000,0x00000000e8a80000,0x00000000e9500000)
 ParOldGen       total 175104K, used 32K [0x00000000a0000000, 0x00000000aab00000, 0x00000000e0000000)
  object space 175104K, 0% used [0x00000000a0000000,0x00000000a0008000,0x00000000aab00000)
 Metaspace       used 20826K, capacity 21232K, committed 21248K, reserved 1067008K
  class space    used 2929K, capacity 3071K, committed 3072K, reserved 1048576K
}
Event: 3.985 GC heap before
{Heap before GC invocations=4 (full 1):
 PSYoungGen      total 76288K, used 8865K [0x00000000e0000000, 0x00000000e9500000, 0x0000000100000000)
  eden space 65536K, 0% used [0x00000000e0000000,0x00000000e0000000,0x00000000e4000000)
  from space 10752K, 82% used [0x00000000e4000000,0x00000000e48a8608,0x00000000e4a80000)
  to   space 10752K, 0% used [0x00000000e8a80000,0x00000000e8a80000,0x00000000e9500000)
 ParOldGen       total 175104K, used 32K [0x00000000a0000000, 0x00000000aab00000, 0x00000000e0000000)
  object space 175104K, 0% used [0x00000000a0000000,0x00000000a0008000,0x00000000aab00000)
 Metaspace       used 20826K, capacity 21232K, committed 21248K, reserved 1067008K
  class space    used 2929K, capacity 3071K, committed 3072K, reserved 1048576K
Event: 4.040 GC heap after
Heap after GC invocations=4 (full 1):
 PSYoungGen      total 76288K, used 0K [0x00000000e0000000, 0x00000000e9500000, 0x0000000100000000)
  eden space 65536K, 0% used [0x00000000e0000000,0x00000000e0000000,0x00000000e4000000)
  from space 10752K, 0% used [0x00000000e4000000,0x00000000e4000000,0x00000000e4a80000)
  to   space 10752K, 0% used [0x00000000e8a80000,0x00000000e8a80000,0x00000000e9500000)
 ParOldGen       total 107008K, used 8687K [0x00000000a0000000, 0x00000000a6880000, 0x00000000e0000000)
  object space 107008K, 8% used [0x00000000a0000000,0x00000000a087bea8,0x00000000a6880000)
 Metaspace       used 20826K, capacity 21232K, committed 21248K, reserved 1067008K
  class space    used 2929K, capacity 3071K, committed 3072K, reserved 1048576K
}
Event: 5.094 GC heap before
{Heap before GC invocations=5 (full 1):
 PSYoungGen      total 76288K, used 65536K [0x00000000e0000000, 0x00000000e9500000, 0x0000000100000000)
  eden space 65536K, 100% used [0x00000000e0000000,0x00000000e4000000,0x00000000e4000000)
  from space 10752K, 0% used [0x00000000e4000000,0x00000000e4000000,0x00000000e4a80000)
  to   space 10752K, 0% used [0x00000000e8a80000,0x00000000e8a80000,0x00000000e9500000)
 ParOldGen       total 107008K, used 8687K [0x00000000a0000000, 0x00000000a6880000, 0x00000000e0000000)
  object space 107008K, 8% used [0x00000000a0000000,0x00000000a087bea8,0x00000000a6880000)
 Metaspace       used 25843K, capacity 26280K, committed 26624K, reserved 1073152K
  class space    used 3625K, capacity 3765K, committed 3840K, reserved 1048576K
Event: 5.106 GC heap after
Heap after GC invocations=5 (full 1):
 PSYoungGen      total 104960K, used 6394K [0x00000000e0000000, 0x00000000e9100000, 0x0000000100000000)
  eden space 98304K, 0% used [0x00000000e0000000,0x00000000e0000000,0x00000000e6000000)
  from space 6656K, 96% used [0x00000000e8a80000,0x00000000e90bebe0,0x00000000e9100000)
  to   space 10752K, 0% used [0x00000000e7c00000,0x00000000e7c00000,0x00000000e8680000)
 ParOldGen       total 107008K, used 8695K [0x00000000a0000000, 0x00000000a6880000, 0x00000000e0000000)
  object space 107008K, 8% used [0x00000000a0000000,0x00000000a087dea8,0x00000000a6880000)
 Metaspace       used 25843K, capacity 26280K, committed 26624K, reserved 1073152K
  class space    used 3625K, capacity 3765K, committed 3840K, reserved 1048576K
}
Event: 6.947 GC heap before
{Heap before GC invocations=6 (full 1):
 PSYoungGen      total 104960K, used 104698K [0x00000000e0000000, 0x00000000e9100000, 0x0000000100000000)
  eden space 98304K, 100% used [0x00000000e0000000,0x00000000e6000000,0x00000000e6000000)
  from space 6656K, 96% used [0x00000000e8a80000,0x00000000e90bebe0,0x00000000e9100000)
  to   space 10752K, 0% used [0x00000000e7c00000,0x00000000e7c00000,0x00000000e8680000)
 ParOldGen       total 107008K, used 8695K [0x00000000a0000000, 0x00000000a6880000, 0x00000000e0000000)
  object space 107008K, 8% used [0x00000000a0000000,0x00000000a087dea8,0x00000000a6880000)
 Metaspace       used 31307K, capacity 32116K, committed 32384K, reserved 1077248K
  class space    used 4419K, capacity 4684K, committed 4736K, reserved 1048576K
Event: 6.973 GC heap after
Heap after GC invocations=6 (full 1):
 PSYoungGen      total 137728K, used 10747K [0x00000000e0000000, 0x00000000eaa00000, 0x0000000100000000)
  eden space 126976K, 0% used [0x00000000e0000000,0x00000000e0000000,0x00000000e7c00000)
  from space 10752K, 99% used [0x00000000e7c00000,0x00000000e867ee28,0x00000000e8680000)
  to   space 13312K, 0% used [0x00000000e9d00000,0x00000000e9d00000,0x00000000eaa00000)
 ParOldGen       total 107008K, used 10197K [0x00000000a0000000, 0x00000000a6880000, 0x00000000e0000000)
  object space 107008K, 9% used [0x00000000a0000000,0x00000000a09f55b8,0x00000000a6880000)
 Metaspace       used 31307K, capacity 32116K, committed 32384K, reserved 1077248K
  class space    used 4419K, capacity 4684K, committed 4736K, reserved 1048576K
}
Event: 7.316 GC heap before
{Heap before GC invocations=7 (full 1):
 PSYoungGen      total 137728K, used 26569K [0x00000000e0000000, 0x00000000eaa00000, 0x0000000100000000)
  eden space 126976K, 12% used [0x00000000e0000000,0x00000000e0f73940,0x00000000e7c00000)
  from space 10752K, 99% used [0x00000000e7c00000,0x00000000e867ee28,0x00000000e8680000)
  to   space 13312K, 0% used [0x00000000e9d00000,0x00000000e9d00000,0x00000000eaa00000)
 ParOldGen       total 107008K, used 10197K [0x00000000a0000000, 0x00000000a6880000, 0x00000000e0000000)
  object space 107008K, 9% used [0x00000000a0000000,0x00000000a09f55b8,0x00000000a6880000)
 Metaspace       used 34390K, capacity 35286K, committed 35416K, reserved 1079296K
  class space    used 4836K, capacity 5148K, committed 5208K, reserved 1048576K
Event: 7.332 GC heap after
Heap after GC invocations=7 (full 1):
 PSYoungGen      total 160768K, used 9994K [0x00000000e0000000, 0x00000000ee180000, 0x0000000100000000)
  eden space 147456K, 0% used [0x00000000e0000000,0x00000000e0000000,0x00000000e9000000)
  from space 13312K, 75% used [0x00000000e9d00000,0x00000000ea6c29c0,0x00000000eaa00000)
  to   space 13312K, 0% used [0x00000000e9000000,0x00000000e9000000,0x00000000e9d00000)
 ParOldGen       total 107008K, used 10205K [0x00000000a0000000, 0x00000000a6880000, 0x00000000e0000000)
  object space 107008K, 9% used [0x00000000a0000000,0x00000000a09f75b8,0x00000000a6880000)
 Metaspace       used 34390K, capacity 35286K, committed 35416K, reserved 1079296K
  class space    used 4836K, capacity 5148K, committed 5208K, reserved 1048576K
}
Event: 7.332 GC heap before
{Heap before GC invocations=8 (full 2):
 PSYoungGen      total 160768K, used 9994K [0x00000000e0000000, 0x00000000ee180000, 0x0000000100000000)
  eden space 147456K, 0% used [0x00000000e0000000,0x00000000e0000000,0x00000000e9000000)
  from space 13312K, 75% used [0x00000000e9d00000,0x00000000ea6c29c0,0x00000000eaa00000)
  to   space 13312K, 0% used [0x00000000e9000000,0x00000000e9000000,0x00000000e9d00000)
 ParOldGen       total 107008K, used 10205K [0x00000000a0000000, 0x00000000a6880000, 0x00000000e0000000)
  object space 107008K, 9% used [0x00000000a0000000,0x00000000a09f75b8,0x00000000a6880000)
 Metaspace       used 34390K, capacity 35286K, committed 35416K, reserved 1079296K
  class space    used 4836K, capacity 5148K, committed 5208K, reserved 1048576K

