# JRE version: OpenJDK Runtime Environment (8.0_152-b01) (build 1.8.0_152-release-1343-b01)
# Java VM: OpenJDK 64-Bit Server VM (25.152-b01 mixed mode windows-amd64 compressed oops)
Heap:
 PSYoungGen      total 434688K, used 110947K [0x00000000e0000000, 0x00000000fda80000, 0x0000000100000000)
  eden space 400896K, 25% used [0x00000000e0000000,0x00000000e64d67b8,0x00000000f8780000)
  from space 33792K, 22% used [0x00000000fb980000,0x00000000fc102718,0x00000000fda80000)
  to   space 42496K, 0% used [0x00000000f8780000,0x00000000f8780000,0x00000000fb100000)
 ParOldGen       total 231936K, used 75535K [0x00000000a0000000, 0x00000000ae280000, 0x00000000e0000000)
  object space 231936K, 32% used [0x00000000a0000000,0x00000000a49c3f28,0x00000000ae280000)
 Metaspace       used 78257K, capacity 81124K, committed 81240K, reserved 1120256K
  class space    used 9851K, capacity 10532K, committed 10624K, reserved 1048576K
GC Heap History (10 events):
Event: 106.793 GC heap before
{Heap before GC invocations=17 (full 3):
 PSYoungGen      total 308736K, used 14319K [0x00000000e0000000, 0x00000000f5200000, 0x0000000100000000)
  eden space 294400K, 0% used [0x00000000e0000000,0x00000000e0000000,0x00000000f1f80000)
  from space 14336K, 99% used [0x00000000f3300000,0x00000000f40fbe50,0x00000000f4100000)
  to   space 19968K, 0% used [0x00000000f1f80000,0x00000000f1f80000,0x00000000f3300000)
 ParOldGen       total 162304K, used 32888K [0x00000000a0000000, 0x00000000a9e80000, 0x00000000e0000000)
  object space 162304K, 20% used [0x00000000a0000000,0x00000000a201e070,0x00000000a9e80000)
 Metaspace       used 57293K, capacity 58772K, committed 59028K, reserved 1099776K
  class space    used 7427K, capacity 7869K, committed 7936K, reserved 1048576K
Event: 107.098 GC heap after
Heap after GC invocations=17 (full 3):
 PSYoungGen      total 308736K, used 0K [0x00000000e0000000, 0x00000000f5200000, 0x0000000100000000)
  eden space 294400K, 0% used [0x00000000e0000000,0x00000000e0000000,0x00000000f1f80000)
  from space 14336K, 0% used [0x00000000f3300000,0x00000000f3300000,0x00000000f4100000)
  to   space 19968K, 0% used [0x00000000f1f80000,0x00000000f1f80000,0x00000000f3300000)
 ParOldGen       total 231936K, used 38955K [0x00000000a0000000, 0x00000000ae280000, 0x00000000e0000000)
  object space 231936K, 16% used [0x00000000a0000000,0x00000000a260aef8,0x00000000ae280000)
 Metaspace       used 57247K, capacity 58662K, committed 59028K, reserved 1099776K
  class space    used 7413K, capacity 7855K, committed 7936K, reserved 1048576K
}
Event: 166.838 GC heap before
{Heap before GC invocations=18 (full 3):
 PSYoungGen      total 308736K, used 294400K [0x00000000e0000000, 0x00000000f5200000, 0x0000000100000000)
  eden space 294400K, 100% used [0x00000000e0000000,0x00000000f1f80000,0x00000000f1f80000)
  from space 14336K, 0% used [0x00000000f3300000,0x00000000f3300000,0x00000000f4100000)
  to   space 19968K, 0% used [0x00000000f1f80000,0x00000000f1f80000,0x00000000f3300000)
 ParOldGen       total 231936K, used 38955K [0x00000000a0000000, 0x00000000ae280000, 0x00000000e0000000)
  object space 231936K, 16% used [0x00000000a0000000,0x00000000a260aef8,0x00000000ae280000)
 Metaspace       used 65134K, capacity 67204K, committed 67544K, reserved 1107968K
  class space    used 8577K, capacity 9089K, committed 9216K, reserved 1048576K
Event: 166.881 GC heap after
Heap after GC invocations=18 (full 3):
 PSYoungGen      total 314368K, used 19965K [0x00000000e0000000, 0x00000000f9800000, 0x0000000100000000)
  eden space 294400K, 0% used [0x00000000e0000000,0x00000000e0000000,0x00000000f1f80000)
  from space 19968K, 99% used [0x00000000f1f80000,0x00000000f32ff790,0x00000000f3300000)
  to   space 23552K, 0% used [0x00000000f8100000,0x00000000f8100000,0x00000000f9800000)
 ParOldGen       total 231936K, used 40899K [0x00000000a0000000, 0x00000000ae280000, 0x00000000e0000000)
  object space 231936K, 17% used [0x00000000a0000000,0x00000000a27f0c50,0x00000000ae280000)
 Metaspace       used 65134K, capacity 67204K, committed 67544K, reserved 1107968K
  class space    used 8577K, capacity 9089K, committed 9216K, reserved 1048576K
}
Event: 234.139 GC heap before
{Heap before GC invocations=19 (full 3):
 PSYoungGen      total 314368K, used 314365K [0x00000000e0000000, 0x00000000f9800000, 0x0000000100000000)
  eden space 294400K, 100% used [0x00000000e0000000,0x00000000f1f80000,0x00000000f1f80000)
  from space 19968K, 99% used [0x00000000f1f80000,0x00000000f32ff790,0x00000000f3300000)
  to   space 23552K, 0% used [0x00000000f8100000,0x00000000f8100000,0x00000000f9800000)
 ParOldGen       total 231936K, used 40899K [0x00000000a0000000, 0x00000000ae280000, 0x00000000e0000000)
  object space 231936K, 17% used [0x00000000a0000000,0x00000000a27f0c50,0x00000000ae280000)
 Metaspace       used 67264K, capacity 69432K, committed 69592K, reserved 1110016K
  class space    used 8784K, capacity 9356K, committed 9472K, reserved 1048576K
Event: 234.190 GC heap after
Heap after GC invocations=19 (full 3):
 PSYoungGen      total 384000K, used 23544K [0x00000000e0000000, 0x00000000f9c00000, 0x0000000100000000)
  eden space 360448K, 0% used [0x00000000e0000000,0x00000000e0000000,0x00000000f6000000)
  from space 23552K, 99% used [0x00000000f8100000,0x00000000f97fe220,0x00000000f9800000)
  to   space 30720K, 0% used [0x00000000f6000000,0x00000000f6000000,0x00000000f7e00000)
 ParOldGen       total 231936K, used 52037K [0x00000000a0000000, 0x00000000ae280000, 0x00000000e0000000)
  object space 231936K, 22% used [0x00000000a0000000,0x00000000a32d17d8,0x00000000ae280000)
 Metaspace       used 67264K, capacity 69432K, committed 69592K, reserved 1110016K
  class space    used 8784K, capacity 9356K, committed 9472K, reserved 1048576K
}
Event: 277.483 GC heap before
{Heap before GC invocations=20 (full 3):
 PSYoungGen      total 384000K, used 383992K [0x00000000e0000000, 0x00000000f9c00000, 0x0000000100000000)
  eden space 360448K, 100% used [0x00000000e0000000,0x00000000f6000000,0x00000000f6000000)
  from space 23552K, 99% used [0x00000000f8100000,0x00000000f97fe220,0x00000000f9800000)
  to   space 30720K, 0% used [0x00000000f6000000,0x00000000f6000000,0x00000000f7e00000)
 ParOldGen       total 231936K, used 52037K [0x00000000a0000000, 0x00000000ae280000, 0x00000000e0000000)
  object space 231936K, 22% used [0x00000000a0000000,0x00000000a32d17d8,0x00000000ae280000)
 Metaspace       used 72062K, capacity 74570K, committed 74712K, reserved 1114112K
  class space    used 9244K, capacity 9891K, committed 9984K, reserved 1048576K
Event: 277.554 GC heap after
Heap after GC invocations=20 (full 3):
 PSYoungGen      total 391168K, used 30708K [0x00000000e0000000, 0x00000000fe400000, 0x0000000100000000)
  eden space 360448K, 0% used [0x00000000e0000000,0x00000000e0000000,0x00000000f6000000)
  from space 30720K, 99% used [0x00000000f6000000,0x00000000f7dfd0f0,0x00000000f7e00000)
  to   space 43520K, 0% used [0x00000000fb980000,0x00000000fb980000,0x00000000fe400000)
 ParOldGen       total 231936K, used 73330K [0x00000000a0000000, 0x00000000ae280000, 0x00000000e0000000)
  object space 231936K, 31% used [0x00000000a0000000,0x00000000a479cb88,0x00000000ae280000)
 Metaspace       used 72062K, capacity 74570K, committed 74712K, reserved 1114112K
  class space    used 9244K, capacity 9891K, committed 9984K, reserved 1048576K
}
Event: 332.458 GC heap before
{Heap before GC invocations=21 (full 3):
 PSYoungGen      total 391168K, used 391156K [0x00000000e0000000, 0x00000000fe400000, 0x0000000100000000)
  eden space 360448K, 100% used [0x00000000e0000000,0x00000000f6000000,0x00000000f6000000)
  from space 30720K, 99% used [0x00000000f6000000,0x00000000f7dfd0f0,0x00000000f7e00000)
  to   space 43520K, 0% used [0x00000000fb980000,0x00000000fb980000,0x00000000fe400000)
 ParOldGen       total 231936K, used 73330K [0x00000000a0000000, 0x00000000ae280000, 0x00000000e0000000)
  object space 231936K, 31% used [0x00000000a0000000,0x00000000a479cb88,0x00000000ae280000)
 Metaspace       used 77890K, capacity 80698K, committed 80984K, reserved 1120256K
  class space    used 9812K, capacity 10505K, committed 10624K, reserved 1048576K
Event: 332.485 GC heap after
Heap after GC invocations=21 (full 3):
 PSYoungGen      total 434688K, used 7689K [0x00000000e0000000, 0x00000000fda80000, 0x0000000100000000)
  eden space 400896K, 0% used [0x00000000e0000000,0x00000000e0000000,0x00000000f8780000)
  from space 33792K, 22% used [0x00000000fb980000,0x00000000fc102718,0x00000000fda80000)
  to   space 42496K, 0% used [0x00000000f8780000,0x00000000f8780000,0x00000000fb100000)
 ParOldGen       total 231936K, used 75535K [0x00000000a0000000, 0x00000000ae280000, 0x00000000e0000000)
  object space 231936K, 32% used [0x00000000a0000000,0x00000000a49c3f28,0x00000000ae280000)
 Metaspace       used 77890K, capacity 80698K, committed 80984K, reserved 1120256K
  class space    used 9812K, capacity 10505K, committed 10624K, reserved 1048576K
}

