# JRE version: OpenJDK Runtime Environment (8.0_152-b01) (build 1.8.0_152-release-1343-b01)
# Java VM: OpenJDK 64-Bit Server VM (25.152-b01 mixed mode windows-amd64 compressed oops)
Heap:
 PSYoungGen      total 227840K, used 21960K [0x00000000e0000000, 0x00000000f1c00000, 0x0000000100000000)
  eden space 206848K, 10% used [0x00000000e0000000,0x00000000e15723a8,0x00000000eca00000)
  from space 20992K, 0% used [0x00000000eca00000,0x00000000eca00000,0x00000000ede80000)
  to   space 23040K, 0% used [0x00000000f0580000,0x00000000f0580000,0x00000000f1c00000)
 ParOldGen       total 235520K, used 32457K [0x00000000a0000000, 0x00000000ae600000, 0x00000000e0000000)
  object space 235520K, 13% used [0x00000000a0000000,0x00000000a1fb24e0,0x00000000ae600000)
 Metaspace       used 58403K, capacity 60394K, committed 60672K, reserved 1101824K
  class space    used 7560K, capacity 8129K, committed 8192K, reserved 1048576K
GC Heap History (10 events):
Event: 8.492 GC heap before
{Heap before GC invocations=8 (full 2):
 PSYoungGen      total 159744K, used 10899K [0x00000000e0000000, 0x00000000edd80000, 0x0000000100000000)
  eden space 146432K, 0% used [0x00000000e0000000,0x00000000e0000000,0x00000000e8f00000)
  from space 13312K, 81% used [0x00000000e9c80000,0x00000000ea724dc8,0x00000000ea980000)
  to   space 13824K, 0% used [0x00000000e8f00000,0x00000000e8f00000,0x00000000e9c80000)
 ParOldGen       total 105984K, used 10473K [0x00000000a0000000, 0x00000000a6780000, 0x00000000e0000000)
  object space 105984K, 9% used [0x00000000a0000000,0x00000000a0a3a508,0x00000000a6780000)
 Metaspace       used 34348K, capacity 35336K, committed 35416K, reserved 1079296K
  class space    used 4737K, capacity 5054K, committed 5120K, reserved 1048576K
Event: 8.594 GC heap after
Heap after GC invocations=8 (full 2):
 PSYoungGen      total 159744K, used 0K [0x00000000e0000000, 0x00000000edd80000, 0x0000000100000000)
  eden space 146432K, 0% used [0x00000000e0000000,0x00000000e0000000,0x00000000e8f00000)
  from space 13312K, 0% used [0x00000000e9c80000,0x00000000e9c80000,0x00000000ea980000)
  to   space 13824K, 0% used [0x00000000e8f00000,0x00000000e8f00000,0x00000000e9c80000)
 ParOldGen       total 165376K, used 17483K [0x00000000a0000000, 0x00000000aa180000, 0x00000000e0000000)
  object space 165376K, 10% used [0x00000000a0000000,0x00000000a1112f30,0x00000000aa180000)
 Metaspace       used 34321K, capacity 35248K, committed 35416K, reserved 1079296K
  class space    used 4729K, capacity 5046K, committed 5120K, reserved 1048576K
}
Event: 10.820 GC heap before
{Heap before GC invocations=9 (full 2):
 PSYoungGen      total 159744K, used 146432K [0x00000000e0000000, 0x00000000edd80000, 0x0000000100000000)
  eden space 146432K, 100% used [0x00000000e0000000,0x00000000e8f00000,0x00000000e8f00000)
  from space 13312K, 0% used [0x00000000e9c80000,0x00000000e9c80000,0x00000000ea980000)
  to   space 13824K, 0% used [0x00000000e8f00000,0x00000000e8f00000,0x00000000e9c80000)
 ParOldGen       total 165376K, used 17483K [0x00000000a0000000, 0x00000000aa180000, 0x00000000e0000000)
  object space 165376K, 10% used [0x00000000a0000000,0x00000000a1112f30,0x00000000aa180000)
 Metaspace       used 46006K, capacity 47198K, committed 47488K, reserved 1089536K
  class space    used 6172K, capacity 6519K, committed 6528K, reserved 1048576K
Event: 10.845 GC heap after
Heap after GC invocations=9 (full 2):
 PSYoungGen      total 160256K, used 13803K [0x00000000e0000000, 0x00000000ef300000, 0x0000000100000000)
  eden space 146432K, 0% used [0x00000000e0000000,0x00000000e0000000,0x00000000e8f00000)
  from space 13824K, 99% used [0x00000000e8f00000,0x00000000e9c7ad50,0x00000000e9c80000)
  to   space 17408K, 0% used [0x00000000ee200000,0x00000000ee200000,0x00000000ef300000)
 ParOldGen       total 165376K, used 21452K [0x00000000a0000000, 0x00000000aa180000, 0x00000000e0000000)
  object space 165376K, 12% used [0x00000000a0000000,0x00000000a14f33e0,0x00000000aa180000)
 Metaspace       used 46006K, capacity 47198K, committed 47488K, reserved 1089536K
  class space    used 6172K, capacity 6519K, committed 6528K, reserved 1048576K
}
Event: 53.346 GC heap before
{Heap before GC invocations=10 (full 2):
 PSYoungGen      total 160256K, used 160235K [0x00000000e0000000, 0x00000000ef300000, 0x0000000100000000)
  eden space 146432K, 100% used [0x00000000e0000000,0x00000000e8f00000,0x00000000e8f00000)
  from space 13824K, 99% used [0x00000000e8f00000,0x00000000e9c7ad50,0x00000000e9c80000)
  to   space 17408K, 0% used [0x00000000ee200000,0x00000000ee200000,0x00000000ef300000)
 ParOldGen       total 165376K, used 21452K [0x00000000a0000000, 0x00000000aa180000, 0x00000000e0000000)
  object space 165376K, 12% used [0x00000000a0000000,0x00000000a14f33e0,0x00000000aa180000)
 Metaspace       used 55453K, capacity 57060K, committed 57344K, reserved 1099776K
  class space    used 7155K, capacity 7590K, committed 7680K, reserved 1048576K
Event: 53.376 GC heap after
Heap after GC invocations=10 (full 2):
 PSYoungGen      total 221184K, used 17393K [0x00000000e0000000, 0x00000000ef300000, 0x0000000100000000)
  eden space 203776K, 0% used [0x00000000e0000000,0x00000000e0000000,0x00000000ec700000)
  from space 17408K, 99% used [0x00000000ee200000,0x00000000ef2fc658,0x00000000ef300000)
  to   space 20992K, 0% used [0x00000000eca00000,0x00000000eca00000,0x00000000ede80000)
 ParOldGen       total 165376K, used 24892K [0x00000000a0000000, 0x00000000aa180000, 0x00000000e0000000)
  object space 165376K, 15% used [0x00000000a0000000,0x00000000a184f028,0x00000000aa180000)
 Metaspace       used 55453K, capacity 57060K, committed 57344K, reserved 1099776K
  class space    used 7155K, capacity 7590K, committed 7680K, reserved 1048576K
}
Event: 81.208 GC heap before
{Heap before GC invocations=11 (full 2):
 PSYoungGen      total 221184K, used 137947K [0x00000000e0000000, 0x00000000ef300000, 0x0000000100000000)
  eden space 203776K, 59% used [0x00000000e0000000,0x00000000e75ba620,0x00000000ec700000)
  from space 17408K, 99% used [0x00000000ee200000,0x00000000ef2fc658,0x00000000ef300000)
  to   space 20992K, 0% used [0x00000000eca00000,0x00000000eca00000,0x00000000ede80000)
 ParOldGen       total 165376K, used 24892K [0x00000000a0000000, 0x00000000aa180000, 0x00000000e0000000)
  object space 165376K, 15% used [0x00000000a0000000,0x00000000a184f028,0x00000000aa180000)
 Metaspace       used 57049K, capacity 58908K, committed 59028K, reserved 1099776K
  class space    used 7323K, capacity 7842K, committed 7936K, reserved 1048576K
Event: 81.240 GC heap after
Heap after GC invocations=11 (full 2):
 PSYoungGen      total 227840K, used 18958K [0x00000000e0000000, 0x00000000f1c00000, 0x0000000100000000)
  eden space 206848K, 0% used [0x00000000e0000000,0x00000000e0000000,0x00000000eca00000)
  from space 20992K, 90% used [0x00000000eca00000,0x00000000edc83a08,0x00000000ede80000)
  to   space 23040K, 0% used [0x00000000f0580000,0x00000000f0580000,0x00000000f1c00000)
 ParOldGen       total 165376K, used 24900K [0x00000000a0000000, 0x00000000aa180000, 0x00000000e0000000)
  object space 165376K, 15% used [0x00000000a0000000,0x00000000a1851028,0x00000000aa180000)
 Metaspace       used 57049K, capacity 58908K, committed 59028K, reserved 1099776K
  class space    used 7323K, capacity 7842K, committed 7936K, reserved 1048576K
}
Event: 81.240 GC heap before
{Heap before GC invocations=12 (full 3):
 PSYoungGen      total 227840K, used 18958K [0x00000000e0000000, 0x00000000f1c00000, 0x0000000100000000)
  eden space 206848K, 0% used [0x00000000e0000000,0x00000000e0000000,0x00000000eca00000)
  from space 20992K, 90% used [0x00000000eca00000,0x00000000edc83a08,0x00000000ede80000)
  to   space 23040K, 0% used [0x00000000f0580000,0x00000000f0580000,0x00000000f1c00000)
 ParOldGen       total 165376K, used 24900K [0x00000000a0000000, 0x00000000aa180000, 0x00000000e0000000)
  object space 165376K, 15% used [0x00000000a0000000,0x00000000a1851028,0x00000000aa180000)
 Metaspace       used 57049K, capacity 58908K, committed 59028K, reserved 1099776K
  class space    used 7323K, capacity 7842K, committed 7936K, reserved 1048576K
Event: 81.493 GC heap after
Heap after GC invocations=12 (full 3):
 PSYoungGen      total 227840K, used 0K [0x00000000e0000000, 0x00000000f1c00000, 0x0000000100000000)
  eden space 206848K, 0% used [0x00000000e0000000,0x00000000e0000000,0x00000000eca00000)
  from space 20992K, 0% used [0x00000000eca00000,0x00000000eca00000,0x00000000ede80000)
  to   space 23040K, 0% used [0x00000000f0580000,0x00000000f0580000,0x00000000f1c00000)
 ParOldGen       total 235520K, used 32457K [0x00000000a0000000, 0x00000000ae600000, 0x00000000e0000000)
  object space 235520K, 13% used [0x00000000a0000000,0x00000000a1fb24e0,0x00000000ae600000)
 Metaspace       used 56996K, capacity 58732K, committed 59028K, reserved 1099776K
  class space    used 7307K, capacity 7826K, committed 7936K, reserved 1048576K
}

